<?xml version="1.0" encoding="UTF-8"?>
<!-- Generated by org.testng.reporters.JUnitReportReporter -->
<testsuite hostname="cc-syadav-lap" name="org.sagar.toolsqa.com.gurru99_first.AppTest" tests="1" failures="0" timestamp="19 Sep 2017 10:47:55 GMT" time="0.004" errors="0">
  <testcase name="testApp" time="0.004" classname="org.sagar.toolsqa.com.gurru99_first.AppTest"/>
</testsuite> <!-- org.sagar.toolsqa.com.gurru99_first.AppTest -->
