<?xml version="1.0" encoding="UTF-8"?>
<!-- Generated by org.testng.reporters.JUnitReportReporter -->
<testsuite hostname="cc-syadav-lap" name="tests.loginTest" tests="1" failures="0" timestamp="20 Sep 2017 11:55:54 GMT" time="1.563" errors="0">
  <testcase name="loginToGurruBank" time="1.563" classname="tests.loginTest"/>
</testsuite> <!-- tests.loginTest -->
