<?xml version="1.0" encoding="UTF-8"?>
<!-- Generated by org.testng.reporters.JUnitReportReporter -->
<testsuite hostname="cc-syadav-lap" name="tests.loginTest" tests="1" failures="0" timestamp="22 Sep 2017 13:43:23 GMT" time="1.867" errors="0">
  <testcase name="loginToGurruBank" time="1.867" classname="tests.loginTest"/>
</testsuite> <!-- tests.loginTest -->
